2025-03-25 15:09:33,026 - INFO - [+] Network analysis module started.
2025-03-25 15:09:33,026 - INFO - [+] Starting packet sniffer...
2025-03-25 15:09:33,027 - INFO - [+] Starting deep packet inspection...
2025-03-25 15:14:05,473 - INFO - [+] Network analysis module started.
2025-03-25 15:14:05,475 - INFO - [+] Starting packet sniffer...
2025-03-25 15:14:05,475 - INFO - [+] Starting deep packet inspection...
2025-03-25 15:14:35,419 - INFO - [+] Network analysis module started.
2025-03-25 15:14:35,421 - INFO - [+] Starting packet sniffer...
2025-03-25 15:14:35,422 - INFO - [+] Starting deep packet inspection...
2025-03-25T15:35:09.804937+0200 | INFO | [+] Network analysis module started.
2025-03-25T15:35:09.805919+0200 | INFO | [+] Starting packet sniffer...
2025-03-25T15:35:09.806899+0200 | INFO | [+] Starting deep packet inspection...
2025-03-25T15:49:54.504440+0200 | INFO | [+] Network analysis module started.
2025-03-25T15:49:54.505441+0200 | INFO | [+] Starting packet sniffer...
2025-03-25T15:49:54.506437+0200 | INFO | [+] Starting deep packet inspection...
2025-03-25T15:49:54.507442+0200 | INFO | Starting deep packet inspection on Wi-Fi...
2025-03-25T15:49:56.507951+0200 | INFO | [+] Starting network traffic simulation...
2025-03-25T15:49:56.536625+0200 | INFO | [NORMAL] Sent packet: Hello, this is a normal request.
2025-03-25T15:49:57.363435+0200 | WARNING | [MALICIOUS] Sent packet: DDoS flood incoming!
2025-03-25T15:49:58.642942+0200 | INFO | [NORMAL] Sent packet: User login request.
2025-03-25T15:49:59.939905+0200 | INFO | [NORMAL] Sent packet: Ping request to server.
2025-03-25T15:50:01.877282+0200 | INFO | [NORMAL] Sent packet: User login request.
2025-03-25T15:50:03.614607+0200 | INFO | [NORMAL] Sent packet: User login request.
2025-03-25T15:50:05.410134+0200 | INFO | [NORMAL] Sent packet: User login request.
2025-03-25T15:50:07.107289+0200 | INFO | [NORMAL] Sent packet: Ping request to server.
2025-03-25T15:50:08.267404+0200 | INFO | [NORMAL] Sent packet: Ping request to server.
2025-03-25T15:50:08.879320+0200 | INFO | [NORMAL] Sent packet: Hello, this is a normal request.
2025-03-25T15:50:10.254952+0200 | INFO | [NORMAL] Sent packet: Hello, this is a normal request.
2025-03-25T15:50:11.547009+0200 | INFO | [NORMAL] Sent packet: Ping request to server.
2025-03-25T15:50:13.089506+0200 | INFO | [NORMAL] Sent packet: Hello, this is a normal request.
2025-03-25T15:50:14.253879+0200 | INFO | [NORMAL] Sent packet: Ping request to server.
2025-03-25T15:50:15.216550+0200 | INFO | [NORMAL] Sent packet: GET /index.html HTTP/1.1
2025-03-25T15:50:16.521352+0200 | WARNING | [MALICIOUS] Sent packet: DDoS flood incoming!
2025-03-25T15:50:17.251903+0200 | INFO | [NORMAL] Sent packet: User login request.
2025-03-25T15:50:18.565315+0200 | INFO | [NORMAL] Sent packet: User login request.
2025-03-25T15:50:19.525037+0200 | INFO | [NORMAL] Sent packet: Hello, this is a normal request.
2025-03-25T15:50:20.370101+0200 | INFO | [NORMAL] Sent packet: Hello, this is a normal request.
2025-03-25T15:50:22.213932+0200 | INFO | [NORMAL] Sent packet: User login request.
2025-03-25T15:50:23.396372+0200 | INFO | [NORMAL] Sent packet: Ping request to server.
2025-03-25T15:50:25.349234+0200 | INFO | [NORMAL] Sent packet: User login request.
2025-03-25T15:50:27.270123+0200 | INFO | [NORMAL] Sent packet: Hello, this is a normal request.
2025-03-25T15:50:28.277169+0200 | INFO | [NORMAL] Sent packet: Hello, this is a normal request.
2025-03-25T15:50:29.346065+0200 | WARNING | [MALICIOUS] Sent packet: sql_injection' OR '1'='1'; --
2025-03-25T15:50:31.200316+0200 | WARNING | [MALICIOUS] Sent packet: sql_injection' OR '1'='1'; --
2025-03-25T15:50:33.086299+0200 | INFO | [NORMAL] Sent packet: Ping request to server.
2025-03-25T15:50:35.051693+0200 | INFO | [NORMAL] Sent packet: GET /index.html HTTP/1.1
2025-03-25T15:50:35.842537+0200 | INFO | [NORMAL] Sent packet: User login request.
2025-03-25T15:50:37.469954+0200 | INFO | [NORMAL] Sent packet: GET /index.html HTTP/1.1
2025-03-25T15:50:39.216737+0200 | WARNING | [MALICIOUS] Sent packet: sql_injection' OR '1'='1'; --
2025-03-25T15:50:40.156473+0200 | INFO | [NORMAL] Sent packet: Ping request to server.
2025-03-25T15:50:41.881003+0200 | INFO | [NORMAL] Sent packet: Hello, this is a normal request.
2025-03-25T15:50:43.686371+0200 | INFO | [NORMAL] Sent packet: Ping request to server.
2025-03-25T15:50:45.012643+0200 | WARNING | [MALICIOUS] Sent packet: DDoS flood incoming!
2025-03-25T15:50:46.015543+0200 | INFO | [NORMAL] Sent packet: Hello, this is a normal request.
2025-03-25T15:50:47.069575+0200 | INFO | [NORMAL] Sent packet: User login request.
2025-03-25T15:50:49.032039+0200 | INFO | [NORMAL] Sent packet: GET /index.html HTTP/1.1
2025-03-25T15:50:50.293685+0200 | INFO | [NORMAL] Sent packet: Ping request to server.
2025-03-25T15:50:50.872293+0200 | WARNING | [MALICIOUS] Sent packet: exploit attack detected!
2025-03-25T15:50:52.681168+0200 | INFO | [NORMAL] Sent packet: Ping request to server.
2025-03-25T15:50:54.017744+0200 | INFO | [NORMAL] Sent packet: User login request.
2025-03-25T15:50:55.870369+0200 | INFO | [NORMAL] Sent packet: Hello, this is a normal request.
2025-03-25T15:50:56.404992+0200 | INFO | [NORMAL] Sent packet: User login request.
2025-03-25T15:50:57.873869+0200 | INFO | [NORMAL] Sent packet: Ping request to server.
2025-03-25T15:50:59.484816+0200 | INFO | [NORMAL] Sent packet: GET /index.html HTTP/1.1
2025-03-25T15:51:00.250534+0200 | INFO | [NORMAL] Sent packet: Ping request to server.
2025-03-25T15:51:00.945215+0200 | INFO | [NORMAL] Sent packet: GET /index.html HTTP/1.1
2025-03-25T15:51:02.453018+0200 | INFO | [NORMAL] Sent packet: User login request.
2025-03-25T15:51:03.223677+0200 | INFO | [+] Running anomaly detection...
2025-03-25T15:51:03.233900+0200 | INFO | [+] Network analysis finished.
2025-04-03T11:22:27.412659+0200 | INFO | [+] Network analysis module started.
2025-04-03T11:22:27.412659+0200 | INFO | [+] Starting packet sniffer...
2025-04-03T11:22:27.413660+0200 | INFO | [+] Starting deep packet inspection...
2025-04-03T11:22:27.413660+0200 | INFO | Starting deep packet inspection on Wi-Fi...
2025-04-03T11:22:29.414428+0200 | INFO | [+] Starting network traffic simulation...
2025-04-03T11:22:31.494074+0200 | INFO | [NORMAL] Sent packet: GET /index.html HTTP/1.1
2025-04-03T11:22:35.216875+0200 | INFO | [NORMAL] Sent packet: GET /index.html HTTP/1.1
2025-04-03T11:22:38.383231+0200 | INFO | [NORMAL] Sent packet: User login request.
2025-04-03T11:22:41.865749+0200 | INFO | [NORMAL] Sent packet: GET /index.html HTTP/1.1
2025-04-03T11:22:44.799613+0200 | INFO | [NORMAL] Sent packet: User login request.
2025-04-03T11:22:47.746986+0200 | INFO | [NORMAL] Sent packet: Hello, this is a normal request.
2025-04-03T11:22:50.709376+0200 | INFO | [NORMAL] Sent packet: Ping request to server.
2025-04-03T11:22:53.746291+0200 | INFO | [NORMAL] Sent packet: GET /index.html HTTP/1.1
2025-04-03T11:22:56.545925+0200 | INFO | [NORMAL] Sent packet: Ping request to server.
2025-04-03T11:23:00.453158+0200 | INFO | [NORMAL] Sent packet: GET /index.html HTTP/1.1
2025-04-03T11:23:04.258539+0200 | INFO | [NORMAL] Sent packet: Ping request to server.
2025-04-03T11:23:06.797683+0200 | INFO | [NORMAL] Sent packet: GET /index.html HTTP/1.1
2025-04-03T11:23:10.643092+0200 | INFO | [NORMAL] Sent packet: GET /index.html HTTP/1.1
